This file contains any messages produced by compilers while
running configure, to aid debugging if configure makes a mistake.

It was created by mx configure 1.4.7, which was
generated by GNU Autoconf 2.69.  Invocation command line was

  $ ./configure --enable-static --enable-shared --enable-introspection=yes --with-dbus --enable-tools --prefix=/usr

## --------- ##
## Platform. ##
## --------- ##

hostname = OrangePI
uname -m = armv7l
uname -r = 3.4.39-02-lobo
uname -s = Linux
uname -v = #1 SMP PREEMPT Tue Nov 10 10:37:50 CET 2015

/usr/bin/uname -p = unknown
/bin/uname -X     = unknown

/bin/arch              = unknown
/usr/bin/arch -k       = unknown
/usr/convex/getsysinfo = unknown
/usr/bin/hostinfo      = unknown
/bin/machine           = unknown
/usr/bin/oslevel       = unknown
/bin/universe          = unknown

PATH: /home/orangepi/bin
PATH: /usr/local/sbin
PATH: /usr/local/bin
PATH: /usr/sbin
PATH: /usr/bin
PATH: /sbin
PATH: /bin
PATH: /usr/games
PATH: /usr/local/games


## ----------- ##
## Core tests. ##
## ----------- ##

configure:2389: checking for a BSD-compatible install
configure:2457: result: /usr/bin/install -c
configure:2468: checking whether build environment is sane
configure:2523: result: yes
configure:2674: checking for a thread-safe mkdir -p
configure:2713: result: /bin/mkdir -p
configure:2720: checking for gawk
configure:2736: found /usr/bin/gawk
configure:2747: result: gawk
configure:2758: checking whether make sets $(MAKE)
configure:2780: result: yes
configure:2809: checking whether make supports nested variables
configure:2826: result: yes
configure:2956: checking whether make supports nested variables
configure:2973: result: yes
configure:3000: checking for style of include used by make
configure:3028: result: GNU
configure:3099: checking for gcc
configure:3115: found /usr/bin/gcc
configure:3126: result: gcc
configure:3355: checking for C compiler version
configure:3364: gcc --version >&5
gcc (Ubuntu/Linaro 4.9.2-10ubuntu13) 4.9.2
Copyright (C) 2014 Free Software Foundation, Inc.
This is free software; see the source for copying conditions.  There is NO
warranty; not even for MERCHANTABILITY or FITNESS FOR A PARTICULAR PURPOSE.

configure:3375: $? = 0
configure:3364: gcc -v >&5
Using built-in specs.
COLLECT_GCC=gcc
COLLECT_LTO_WRAPPER=/usr/lib/gcc/arm-linux-gnueabihf/4.9/lto-wrapper
Target: arm-linux-gnueabihf
Configured with: ../src/configure -v --with-pkgversion='Ubuntu/Linaro 4.9.2-10ubuntu13' --with-bugurl=file:///usr/share/doc/gcc-4.9/README.Bugs --enable-languages=c,c++,java,go,d,fortran,objc,obj-c++ --prefix=/usr --program-suffix=-4.9 --enable-shared --enable-linker-build-id --libexecdir=/usr/lib --without-included-gettext --enable-threads=posix --with-gxx-include-dir=/usr/include/c++/4.9 --libdir=/usr/lib --enable-nls --with-sysroot=/ --enable-clocale=gnu --enable-libstdcxx-debug --enable-libstdcxx-time=yes --enable-gnu-unique-object --disable-libitm --disable-libquadmath --enable-plugin --with-system-zlib --disable-browser-plugin --enable-java-awt=gtk --enable-gtk-cairo --with-java-home=/usr/lib/jvm/java-1.5.0-gcj-4.9-armhf/jre --enable-java-home --with-jvm-root-dir=/usr/lib/jvm/java-1.5.0-gcj-4.9-armhf --with-jvm-jar-dir=/usr/lib/jvm-exports/java-1.5.0-gcj-4.9-armhf --with-arch-directory=arm --with-ecj-jar=/usr/share/java/eclipse-ecj.jar --enable-objc-gc --enable-multiarch --enable-multilib --disable-sjlj-exceptions --with-arch=armv7-a --with-fpu=vfpv3-d16 --with-float=hard --with-mode=thumb --disable-werror --enable-multilib --enable-checking=release --build=arm-linux-gnueabihf --host=arm-linux-gnueabihf --target=arm-linux-gnueabihf
Thread model: posix
gcc version 4.9.2 (Ubuntu/Linaro 4.9.2-10ubuntu13) 
configure:3375: $? = 0
configure:3364: gcc -V >&5
gcc: error: unrecognized command line option '-V'
gcc: fatal error: no input files
compilation terminated.
configure:3375: $? = 4
configure:3364: gcc -qversion >&5
gcc: error: unrecognized command line option '-qversion'
gcc: fatal error: no input files
compilation terminated.
configure:3375: $? = 4
configure:3395: checking whether the C compiler works
configure:3417: gcc    conftest.c  >&5
configure:3421: $? = 0
configure:3469: result: yes
configure:3472: checking for C compiler default output file name
configure:3474: result: a.out
configure:3480: checking for suffix of executables
configure:3487: gcc -o conftest    conftest.c  >&5
configure:3491: $? = 0
configure:3513: result: 
configure:3535: checking whether we are cross compiling
configure:3543: gcc -o conftest    conftest.c  >&5
configure:3547: $? = 0
configure:3554: ./conftest
configure:3558: $? = 0
configure:3573: result: no
configure:3578: checking for suffix of object files
configure:3600: gcc -c   conftest.c >&5
configure:3604: $? = 0
configure:3625: result: o
configure:3629: checking whether we are using the GNU C compiler
configure:3648: gcc -c   conftest.c >&5
configure:3648: $? = 0
configure:3657: result: yes
configure:3666: checking whether gcc accepts -g
configure:3686: gcc -c -g  conftest.c >&5
configure:3686: $? = 0
configure:3727: result: yes
configure:3744: checking for gcc option to accept ISO C89
configure:3807: gcc  -c -g -O2  conftest.c >&5
configure:3807: $? = 0
configure:3820: result: none needed
configure:3845: checking whether gcc understands -c and -o together
configure:3867: gcc -c conftest.c -o conftest2.o
configure:3870: $? = 0
configure:3867: gcc -c conftest.c -o conftest2.o
configure:3870: $? = 0
configure:3882: result: yes
configure:3901: checking dependency style of gcc
configure:4012: result: gcc3
configure:4028: checking for library containing strerror
configure:4059: gcc -o conftest -g -O2   conftest.c  >&5
configure:4059: $? = 0
configure:4076: result: none required
configure:4089: checking how to run the C preprocessor
configure:4120: gcc -E  conftest.c
configure:4120: $? = 0
configure:4134: gcc -E  conftest.c
conftest.c:9:28: fatal error: ac_nonexistent.h: No such file or directory
 #include <ac_nonexistent.h>
                            ^
compilation terminated.
configure:4134: $? = 1
configure: failed program was:
| /* confdefs.h */
| #define PACKAGE_NAME "mx"
| #define PACKAGE_TARNAME "mx"
| #define PACKAGE_VERSION "1.4.7"
| #define PACKAGE_STRING "mx 1.4.7"
| #define PACKAGE_BUGREPORT ""
| #define PACKAGE_URL ""
| /* end confdefs.h.  */
| #include <ac_nonexistent.h>
configure:4159: result: gcc -E
configure:4179: gcc -E  conftest.c
configure:4179: $? = 0
configure:4193: gcc -E  conftest.c
conftest.c:9:28: fatal error: ac_nonexistent.h: No such file or directory
 #include <ac_nonexistent.h>
                            ^
compilation terminated.
configure:4193: $? = 1
configure: failed program was:
| /* confdefs.h */
| #define PACKAGE_NAME "mx"
| #define PACKAGE_TARNAME "mx"
| #define PACKAGE_VERSION "1.4.7"
| #define PACKAGE_STRING "mx 1.4.7"
| #define PACKAGE_BUGREPORT ""
| #define PACKAGE_URL ""
| /* end confdefs.h.  */
| #include <ac_nonexistent.h>
configure:4222: checking for grep that handles long lines and -e
configure:4280: result: /bin/grep
configure:4285: checking for egrep
configure:4347: result: /bin/grep -E
configure:4352: checking for ANSI C header files
configure:4372: gcc -c -g -O2  conftest.c >&5
configure:4372: $? = 0
configure:4445: gcc -o conftest -g -O2   conftest.c  >&5
configure:4445: $? = 0
configure:4445: ./conftest
configure:4445: $? = 0
configure:4456: result: yes
configure:4524: checking build system type
configure:4538: result: armv7l-unknown-linux-gnueabihf
configure:4558: checking host system type
configure:4571: result: armv7l-unknown-linux-gnueabihf
configure:4612: checking how to print strings
configure:4639: result: printf
configure:4660: checking for a sed that does not truncate output
configure:4724: result: /bin/sed
configure:4742: checking for fgrep
configure:4804: result: /bin/grep -F
configure:4839: checking for ld used by gcc
configure:4906: result: /usr/bin/ld
configure:4913: checking if the linker (/usr/bin/ld) is GNU ld
configure:4928: result: yes
configure:4940: checking for BSD- or MS-compatible name lister (nm)
configure:4989: result: /usr/bin/nm -B
configure:5119: checking the name lister (/usr/bin/nm -B) interface
configure:5126: gcc -c -g -O2  conftest.c >&5
configure:5129: /usr/bin/nm -B "conftest.o"
configure:5132: output
00000000 B some_variable
configure:5139: result: BSD nm
configure:5142: checking whether ln -s works
configure:5149: result: no, using cp -pR
configure:5154: checking the maximum length of command line arguments
configure:5285: result: 1572864
configure:5302: checking whether the shell understands some XSI constructs
configure:5312: result: yes
configure:5316: checking whether the shell understands "+="
configure:5322: result: yes
configure:5357: checking how to convert armv7l-unknown-linux-gnueabihf file names to armv7l-unknown-linux-gnueabihf format
configure:5397: result: func_convert_file_noop
configure:5404: checking how to convert armv7l-unknown-linux-gnueabihf file names to toolchain format
configure:5424: result: func_convert_file_noop
configure:5431: checking for /usr/bin/ld option to reload object files
configure:5438: result: -r
configure:5512: checking for objdump
configure:5528: found /usr/bin/objdump
configure:5539: result: objdump
configure:5571: checking how to recognize dependent libraries
configure:5769: result: pass_all
configure:5854: checking for dlltool
configure:5884: result: no
configure:5914: checking how to associate runtime and link libraries
configure:5941: result: printf %s\n
configure:6001: checking for ar
configure:6017: found /usr/bin/ar
configure:6028: result: ar
configure:6065: checking for archiver @FILE support
configure:6082: gcc -c -g -O2  conftest.c >&5
configure:6082: $? = 0
configure:6085: ar cru libconftest.a @conftest.lst >&5
configure:6088: $? = 0
configure:6093: ar cru libconftest.a @conftest.lst >&5
ar: conftest.o: No such file or directory
configure:6096: $? = 1
configure:6108: result: @
configure:6166: checking for strip
configure:6182: found /usr/bin/strip
configure:6193: result: strip
configure:6265: checking for ranlib
configure:6281: found /usr/bin/ranlib
configure:6292: result: ranlib
configure:6394: checking command to parse /usr/bin/nm -B output from gcc object
configure:6514: gcc -c -g -O2  conftest.c >&5
configure:6517: $? = 0
configure:6521: /usr/bin/nm -B conftest.o \| sed -n -e 's/^.*[ ]\([ABCDGIRSTW][ABCDGIRSTW]*\)[ ][ ]*\([_A-Za-z][_A-Za-z0-9]*\)$/\1 \2 \2/p' | sed '/ __gnu_lto/d' \> conftest.nm
configure:6524: $? = 0
configure:6590: gcc -o conftest -g -O2   conftest.c conftstm.o >&5
configure:6593: $? = 0
configure:6631: result: ok
configure:6668: checking for sysroot
configure:6698: result: no
configure:6967: checking for mt
configure:6983: found /bin/mt
configure:6994: result: mt
configure:7017: checking if mt is a manifest tool
configure:7023: mt '-?'
configure:7031: result: no
configure:7673: checking for sys/types.h
configure:7673: gcc -c -g -O2  conftest.c >&5
configure:7673: $? = 0
configure:7673: result: yes
configure:7673: checking for sys/stat.h
configure:7673: gcc -c -g -O2  conftest.c >&5
configure:7673: $? = 0
configure:7673: result: yes
configure:7673: checking for stdlib.h
configure:7673: gcc -c -g -O2  conftest.c >&5
configure:7673: $? = 0
configure:7673: result: yes
configure:7673: checking for string.h
configure:7673: gcc -c -g -O2  conftest.c >&5
configure:7673: $? = 0
configure:7673: result: yes
configure:7673: checking for memory.h
configure:7673: gcc -c -g -O2  conftest.c >&5
configure:7673: $? = 0
configure:7673: result: yes
configure:7673: checking for strings.h
configure:7673: gcc -c -g -O2  conftest.c >&5
configure:7673: $? = 0
configure:7673: result: yes
configure:7673: checking for inttypes.h
configure:7673: gcc -c -g -O2  conftest.c >&5
configure:7673: $? = 0
configure:7673: result: yes
configure:7673: checking for stdint.h
configure:7673: gcc -c -g -O2  conftest.c >&5
configure:7673: $? = 0
configure:7673: result: yes
configure:7673: checking for unistd.h
configure:7673: gcc -c -g -O2  conftest.c >&5
configure:7673: $? = 0
configure:7673: result: yes
configure:7687: checking for dlfcn.h
configure:7687: gcc -c -g -O2  conftest.c >&5
configure:7687: $? = 0
configure:7687: result: yes
configure:7863: checking for objdir
configure:7878: result: .libs
configure:8149: checking if gcc supports -fno-rtti -fno-exceptions
configure:8167: gcc -c -g -O2  -fno-rtti -fno-exceptions conftest.c >&5
cc1: warning: command line option '-fno-rtti' is valid for C++/ObjC++ but not for C
configure:8171: $? = 0
configure:8184: result: no
configure:8511: checking for gcc option to produce PIC
configure:8518: result: -fPIC -DPIC
configure:8526: checking if gcc PIC flag -fPIC -DPIC works
configure:8544: gcc -c -g -O2  -fPIC -DPIC -DPIC conftest.c >&5
configure:8548: $? = 0
configure:8561: result: yes
configure:8590: checking if gcc static flag -static works
configure:8618: result: yes
configure:8633: checking if gcc supports -c -o file.o
configure:8654: gcc -c -g -O2  -o out/conftest2.o conftest.c >&5
configure:8658: $? = 0
configure:8680: result: yes
configure:8688: checking if gcc supports -c -o file.o
configure:8735: result: yes
configure:8768: checking whether the gcc linker (/usr/bin/ld) supports shared libraries
configure:9925: result: yes
configure:9962: checking whether -lc should be explicitly linked in
configure:9970: gcc -c -g -O2  conftest.c >&5
configure:9973: $? = 0
configure:9988: gcc -shared  -fPIC -DPIC conftest.o  -v -Wl,-soname -Wl,conftest -o conftest 2\>\&1 \| /bin/grep  -lc  \>/dev/null 2\>\&1
configure:9991: $? = 0
configure:10005: result: no
configure:10165: checking dynamic linker characteristics
configure:10665: gcc -o conftest -g -O2   -Wl,-rpath -Wl,/foo conftest.c  >&5
configure:10665: $? = 0
configure:10899: result: GNU/Linux ld.so
configure:11006: checking how to hardcode library paths into programs
configure:11031: result: immediate
configure:11571: checking whether stripping libraries is possible
configure:11576: result: yes
configure:11611: checking if libtool supports shared libraries
configure:11613: result: yes
configure:11616: checking whether to build shared libraries
configure:11637: result: yes
configure:11640: checking whether to build static libraries
configure:11644: result: yes
configure:11766: checking for pkg-config
configure:11784: found /usr/bin/pkg-config
configure:11796: result: /usr/bin/pkg-config
configure:11821: checking pkg-config is at least version 0.16
configure:11824: result: yes
configure:11841: checking for GLIB - version >= 2.28.0
configure:11953: gcc -o conftest -g -O2 -I/usr/include/glib-2.0 -I/usr/lib/arm-linux-gnueabihf/glib-2.0/include    conftest.c -lglib-2.0   >&5
configure:11953: $? = 0
configure:11953: ./conftest
configure:11953: $? = 0
configure:11967: result: yes (version 2.44.1)
configure:12037: checking for localtime_r
configure:12037: gcc -o conftest -g -O2   conftest.c  >&5
configure:12037: $? = 0
configure:12037: result: yes
configure:12167: checking for supported compiler flags
configure:12184: gcc -c -g -O2 -Wall  conftest.c >&5
configure:12184: $? = 0
configure:12198: result:  -Wall
configure:12271: $PKG_CONFIG --exists --print-errors "clutter-imcontext-0.1"
Package clutter-imcontext-0.1 was not found in the pkg-config search path.
Perhaps you should add the directory containing `clutter-imcontext-0.1.pc'
to the PKG_CONFIG_PATH environment variable
No package 'clutter-imcontext-0.1' found
configure:12274: $? = 1
configure:12305: $PKG_CONFIG --exists --print-errors "clutter-gesture"
Package clutter-gesture was not found in the pkg-config search path.
Perhaps you should add the directory containing `clutter-gesture.pc'
to the PKG_CONFIG_PATH environment variable
No package 'clutter-gesture' found
configure:12308: $? = 1
configure:12338: $PKG_CONFIG --exists --print-errors "libstartup-notification-1.0 >= 0.9"
Package libstartup-notification-1.0 was not found in the pkg-config search path.
Perhaps you should add the directory containing `libstartup-notification-1.0.pc'
to the PKG_CONFIG_PATH environment variable
No package 'libstartup-notification-1.0' found
configure:12341: $? = 1
configure:12371: $PKG_CONFIG --exists --print-errors "dbus-glib-1 >= 0.82"
configure:12374: $? = 0
configure:12568: checking for GTK
configure:12575: $PKG_CONFIG --exists --print-errors "gtk+-2.0 >= 2.20"
configure:12578: $? = 0
configure:12592: $PKG_CONFIG --exists --print-errors "gtk+-2.0 >= 2.20"
configure:12595: $? = 0
configure:12653: result: yes
configure:12670: checking for linguas
configure:12687: result: ast ca da de en_GB eo es es_MX fi fr hu id it ja ko lo nl pa pl pt_BR ro ru sk sv th tr uk wa zh_CN zh_TW 
configure:12691: checking whether NLS is requested
configure:12700: result: yes
configure:12718: checking for intltool >= 0.35.0
configure:12720: result: 0.51.0 found
configure:12728: checking for intltool-update
configure:12746: found /usr/bin/intltool-update
configure:12758: result: /usr/bin/intltool-update
configure:12768: checking for intltool-merge
configure:12786: found /usr/bin/intltool-merge
configure:12798: result: /usr/bin/intltool-merge
configure:12808: checking for intltool-extract
configure:12826: found /usr/bin/intltool-extract
configure:12838: result: /usr/bin/intltool-extract
configure:12992: checking for xgettext
configure:13010: found /usr/bin/xgettext
configure:13022: result: /usr/bin/xgettext
configure:13032: checking for msgmerge
configure:13050: found /usr/bin/msgmerge
configure:13062: result: /usr/bin/msgmerge
configure:13072: checking for msgfmt
configure:13090: found /usr/bin/msgfmt
configure:13102: result: /usr/bin/msgfmt
configure:13112: checking for gmsgfmt
configure:13143: result: /usr/bin/msgfmt
configure:13163: checking for perl
configure:13181: found /usr/bin/perl
configure:13193: result: /usr/bin/perl
configure:13204: checking for perl >= 5.8.1
configure:13211: result: 5.20.2
configure:13215: checking for XML::Parser
configure:13218: result: ok
configure:13242: checking locale.h usability
configure:13242: gcc -c -g -O2  conftest.c >&5
configure:13242: $? = 0
configure:13242: result: yes
configure:13242: checking locale.h presence
configure:13242: gcc -E  conftest.c
configure:13242: $? = 0
configure:13242: result: yes
configure:13242: checking for locale.h
configure:13242: result: yes
configure:13253: checking for LC_MESSAGES
configure:13269: gcc -o conftest -g -O2   conftest.c  >&5
configure:13269: $? = 0
configure:13277: result: yes
configure:13294: checking libintl.h usability
configure:13294: gcc -c -g -O2  conftest.c >&5
configure:13294: $? = 0
configure:13294: result: yes
configure:13294: checking libintl.h presence
configure:13294: gcc -E  conftest.c
configure:13294: $? = 0
configure:13294: result: yes
configure:13294: checking for libintl.h
configure:13294: result: yes
configure:13302: checking for ngettext in libc
configure:13320: gcc -o conftest -g -O2   conftest.c  >&5
configure:13320: $? = 0
configure:13329: result: yes
configure:13333: checking for dgettext in libc
configure:13351: gcc -o conftest -g -O2   conftest.c  >&5
configure:13351: $? = 0
configure:13360: result: yes
configure:13367: checking for bind_textdomain_codeset
configure:13367: gcc -o conftest -g -O2   conftest.c  >&5
configure:13367: $? = 0
configure:13367: result: yes
configure:13643: checking for msgfmt
configure:13670: result: /usr/bin/msgfmt
configure:13681: checking for dcgettext
configure:13681: gcc -o conftest -g -O2   conftest.c   >&5
conftest.c:52:6: warning: conflicting types for built-in function 'dcgettext'
 char dcgettext ();
      ^
configure:13681: $? = 0
configure:13681: result: yes
configure:13691: checking if msgfmt accepts -c
configure:13706: $MSGFMT -c -o /dev/null conftest.foo
conftest.foo:3: warning: header field 'Language' missing in header
configure:13709: $? = 0
configure:13711: result: yes
configure:13721: checking for gmsgfmt
configure:13752: result: /usr/bin/msgfmt
configure:13762: checking for xgettext
configure:13789: result: /usr/bin/xgettext
configure:13808: gcc -o conftest -g -O2   conftest.c   >&5
configure:13808: $? = 0
configure:13890: checking for catalogs to be installed
configure:13915: result:  ast ca da de en_GB eo es es_MX fi fr hu id it ja ko lo nl pa pl pt_BR ro ru sk sv th tr uk wa zh_CN zh_TW
configure:13970: checking for locale.h
configure:13970: result: yes
configure:13981: checking for LC_MESSAGES
configure:14005: result: yes
configure:14022: checking for libintl.h
configure:14022: result: yes
configure:14030: checking for ngettext in libc
configure:14057: result: yes
configure:14061: checking for dgettext in libc
configure:14088: result: yes
configure:14095: checking for bind_textdomain_codeset
configure:14095: result: yes
configure:14371: checking for msgfmt
configure:14398: result: /usr/bin/msgfmt
configure:14409: checking for dcgettext
configure:14409: result: yes
configure:14419: checking if msgfmt accepts -c
configure:14434: $MSGFMT -c -o /dev/null conftest.foo
conftest.foo:3: warning: header field 'Language' missing in header
configure:14437: $? = 0
configure:14439: result: yes
configure:14449: checking for gmsgfmt
configure:14480: result: /usr/bin/msgfmt
configure:14490: checking for xgettext
configure:14517: result: /usr/bin/xgettext
configure:14536: gcc -o conftest -g -O2   conftest.c   >&5
configure:14536: $? = 0
configure:14618: checking for catalogs to be installed
configure:14643: result:  ast ca da de en_GB eo es es_MX fi fr hu id it ja ko lo nl pa pl pt_BR ro ru sk sv th tr uk wa zh_CN zh_TW
configure:14681: checking for MX
configure:14688: $PKG_CONFIG --exists --print-errors "$MX_REQUIRES"
configure:14691: $? = 0
configure:14705: $PKG_CONFIG --exists --print-errors "$MX_REQUIRES"
configure:14708: $? = 0
configure:14766: result: yes
configure:14772: checking for MX_IMAGE_CACHE
configure:14779: $PKG_CONFIG --exists --print-errors "gdk-pixbuf-2.0"
configure:14782: $? = 0
configure:14796: $PKG_CONFIG --exists --print-errors "gdk-pixbuf-2.0"
configure:14799: $? = 0
configure:14857: result: yes
configure:14879: checking for gobject-introspection
configure:14888: $PKG_CONFIG --exists --print-errors "gobject-introspection-1.0"
configure:14891: $? = 0
configure:14898: $PKG_CONFIG --exists --print-errors "gobject-introspection-1.0 >= 0.6.4"
configure:14901: $? = 0
configure:14924: result: yes
configure:15074: checking that generated files are newer than configure
configure:15080: result: done
configure:15123: creating ./config.status

## ---------------------- ##
## Running config.status. ##
## ---------------------- ##

This file was extended by mx config.status 1.4.7, which was
generated by GNU Autoconf 2.69.  Invocation command line was

  CONFIG_FILES    = 
  CONFIG_HEADERS  = 
  CONFIG_LINKS    = 
  CONFIG_COMMANDS = 
  $ ./config.status 

on OrangePI

config.status:1243: creating Makefile
config.status:1243: creating mx.pc
config.status:1243: creating mx-gtk.pc
config.status:1243: creating data/Makefile
config.status:1243: creating data/glade/Makefile
config.status:1243: creating data/style/Makefile
config.status:1243: creating docs/Makefile
config.status:1243: creating docs/reference/Makefile
config.status:1243: creating docs/reference/libmx/Makefile
config.status:1243: creating docs/reference/libmx/version.xml
config.status:1243: creating docs/reference/libmx-gtk/Makefile
config.status:1243: creating docs/reference/libmx-gtk/version.xml
config.status:1243: creating mx/Makefile
config.status:1243: creating mx-gtk/Makefile
config.status:1243: creating mx/mx-version.h
config.status:1243: creating po/Makefile.in
config.status:1243: creating tests/Makefile
config.status:1243: creating config.h
config.status:1424: config.h is unchanged
config.status:1472: executing depfiles commands
config.status:1472: executing libtool commands
config.status:1472: executing default-1 commands
config.status:1472: executing default-2 commands
config.status:1472: executing po/stamp-it commands
configure:17390: WARNING: unrecognized options: --enable-tools

## ---------------- ##
## Cache variables. ##
## ---------------- ##

ac_cv_build=armv7l-unknown-linux-gnueabihf
ac_cv_c_compiler_gnu=yes
ac_cv_env_CC_set=
ac_cv_env_CC_value=
ac_cv_env_CFLAGS_set=
ac_cv_env_CFLAGS_value=
ac_cv_env_CPPFLAGS_set=
ac_cv_env_CPPFLAGS_value=
ac_cv_env_CPP_set=
ac_cv_env_CPP_value=
ac_cv_env_GTK_CFLAGS_set=
ac_cv_env_GTK_CFLAGS_value=
ac_cv_env_GTK_LIBS_set=
ac_cv_env_GTK_LIBS_value=
ac_cv_env_LDFLAGS_set=
ac_cv_env_LDFLAGS_value=
ac_cv_env_LIBS_set=
ac_cv_env_LIBS_value=
ac_cv_env_MX_CFLAGS_set=
ac_cv_env_MX_CFLAGS_value=
ac_cv_env_MX_IMAGE_CACHE_CFLAGS_set=
ac_cv_env_MX_IMAGE_CACHE_CFLAGS_value=
ac_cv_env_MX_IMAGE_CACHE_LIBS_set=
ac_cv_env_MX_IMAGE_CACHE_LIBS_value=
ac_cv_env_MX_LIBS_set=
ac_cv_env_MX_LIBS_value=
ac_cv_env_PKG_CONFIG_LIBDIR_set=
ac_cv_env_PKG_CONFIG_LIBDIR_value=
ac_cv_env_PKG_CONFIG_PATH_set=
ac_cv_env_PKG_CONFIG_PATH_value=
ac_cv_env_PKG_CONFIG_set=
ac_cv_env_PKG_CONFIG_value=
ac_cv_env_build_alias_set=
ac_cv_env_build_alias_value=
ac_cv_env_host_alias_set=
ac_cv_env_host_alias_value=
ac_cv_env_target_alias_set=
ac_cv_env_target_alias_value=
ac_cv_func_bind_textdomain_codeset=yes
ac_cv_func_dcgettext=yes
ac_cv_func_localtime_r=yes
ac_cv_header_dlfcn_h=yes
ac_cv_header_inttypes_h=yes
ac_cv_header_libintl_h=yes
ac_cv_header_locale_h=yes
ac_cv_header_memory_h=yes
ac_cv_header_stdc=yes
ac_cv_header_stdint_h=yes
ac_cv_header_stdlib_h=yes
ac_cv_header_string_h=yes
ac_cv_header_strings_h=yes
ac_cv_header_sys_stat_h=yes
ac_cv_header_sys_types_h=yes
ac_cv_header_unistd_h=yes
ac_cv_host=armv7l-unknown-linux-gnueabihf
ac_cv_objext=o
ac_cv_path_EGREP='/bin/grep -E'
ac_cv_path_FGREP='/bin/grep -F'
ac_cv_path_GMSGFMT=/usr/bin/msgfmt
ac_cv_path_GREP=/bin/grep
ac_cv_path_INTLTOOL_EXTRACT=/usr/bin/intltool-extract
ac_cv_path_INTLTOOL_MERGE=/usr/bin/intltool-merge
ac_cv_path_INTLTOOL_PERL=/usr/bin/perl
ac_cv_path_INTLTOOL_UPDATE=/usr/bin/intltool-update
ac_cv_path_MSGFMT=/usr/bin/msgfmt
ac_cv_path_MSGMERGE=/usr/bin/msgmerge
ac_cv_path_SED=/bin/sed
ac_cv_path_XGETTEXT=/usr/bin/xgettext
ac_cv_path_ac_pt_PKG_CONFIG=/usr/bin/pkg-config
ac_cv_path_install='/usr/bin/install -c'
ac_cv_path_mkdir=/bin/mkdir
ac_cv_prog_AWK=gawk
ac_cv_prog_CPP='gcc -E'
ac_cv_prog_ac_ct_AR=ar
ac_cv_prog_ac_ct_CC=gcc
ac_cv_prog_ac_ct_MANIFEST_TOOL=mt
ac_cv_prog_ac_ct_OBJDUMP=objdump
ac_cv_prog_ac_ct_RANLIB=ranlib
ac_cv_prog_ac_ct_STRIP=strip
ac_cv_prog_cc_c89=
ac_cv_prog_cc_g=yes
ac_cv_prog_make_make_set=yes
ac_cv_search_strerror='none required'
am_cv_CC_dependencies_compiler_type=gcc3
am_cv_make_support_nested_variables=yes
am_cv_prog_cc_c_o=yes
am_cv_val_LC_MESSAGES=yes
gt_cv_func_dgettext_libc=yes
gt_cv_func_dgettext_libintl=no
gt_cv_func_ngettext_libc=yes
gt_cv_have_gettext=yes
lt_cv_ar_at_file=@
lt_cv_archive_cmds_need_lc=no
lt_cv_deplibs_check_method=pass_all
lt_cv_file_magic_cmd='$MAGIC_CMD'
lt_cv_file_magic_test_file=
lt_cv_ld_reload_flag=-r
lt_cv_nm_interface='BSD nm'
lt_cv_objdir=.libs
lt_cv_path_LD=/usr/bin/ld
lt_cv_path_NM='/usr/bin/nm -B'
lt_cv_path_mainfest_tool=no
lt_cv_prog_compiler_c_o=yes
lt_cv_prog_compiler_pic='-fPIC -DPIC'
lt_cv_prog_compiler_pic_works=yes
lt_cv_prog_compiler_rtti_exceptions=no
lt_cv_prog_compiler_static_works=yes
lt_cv_prog_gnu_ld=yes
lt_cv_sharedlib_from_linklib_cmd='printf %s\n'
lt_cv_shlibpath_overrides_runpath=no
lt_cv_sys_global_symbol_pipe='sed -n -e '\''s/^.*[	 ]\([ABCDGIRSTW][ABCDGIRSTW]*\)[	 ][	 ]*\([_A-Za-z][_A-Za-z0-9]*\)$/\1 \2 \2/p'\'' | sed '\''/ __gnu_lto/d'\'''
lt_cv_sys_global_symbol_to_c_name_address='sed -n -e '\''s/^: \([^ ]*\)[ ]*$/  {\"\1\", (void *) 0},/p'\'' -e '\''s/^[ABCDGIRSTW]* \([^ ]*\) \([^ ]*\)$/  {"\2", (void *) \&\2},/p'\'''
lt_cv_sys_global_symbol_to_c_name_address_lib_prefix='sed -n -e '\''s/^: \([^ ]*\)[ ]*$/  {\"\1\", (void *) 0},/p'\'' -e '\''s/^[ABCDGIRSTW]* \([^ ]*\) \(lib[^ ]*\)$/  {"\2", (void *) \&\2},/p'\'' -e '\''s/^[ABCDGIRSTW]* \([^ ]*\) \([^ ]*\)$/  {"lib\2", (void *) \&\2},/p'\'''
lt_cv_sys_global_symbol_to_cdecl='sed -n -e '\''s/^T .* \(.*\)$/extern int \1();/p'\'' -e '\''s/^[ABCDGIRSTW]* .* \(.*\)$/extern char \1;/p'\'''
lt_cv_sys_max_cmd_len=1572864
lt_cv_to_host_file_cmd=func_convert_file_noop
lt_cv_to_tool_file_cmd=func_convert_file_noop
pkg_cv_GTK_CFLAGS='-pthread -I/usr/include/gtk-2.0 -I/usr/lib/arm-linux-gnueabihf/gtk-2.0/include -I/usr/include/gio-unix-2.0/ -I/usr/include/cairo -I/usr/include/pango-1.0 -I/usr/include/atk-1.0 -I/usr/include/cairo -I/usr/include/pixman-1 -I/usr/include/libpng12 -I/usr/include/gdk-pixbuf-2.0 -I/usr/include/libpng12 -I/usr/include/pango-1.0 -I/usr/include/harfbuzz -I/usr/include/pango-1.0 -I/usr/include/glib-2.0 -I/usr/lib/arm-linux-gnueabihf/glib-2.0/include -I/usr/include/freetype2 '
pkg_cv_GTK_LIBS='-lgtk-x11-2.0 -lgdk-x11-2.0 -lpangocairo-1.0 -latk-1.0 -lcairo -lgdk_pixbuf-2.0 -lgio-2.0 -lpangoft2-1.0 -lpango-1.0 -lgobject-2.0 -lglib-2.0 -lfontconfig -lfreetype '
pkg_cv_MX_CFLAGS='-pthread -I/usr/local/include -I/usr/include/pango-1.0 -I/usr/include/harfbuzz -I/usr/include/cairo -I/usr/include/atk-1.0 -I/usr/include/pango-1.0 -I/usr/include/cairo -I/usr/include/pixman-1 -I/usr/include/freetype2 -I/usr/include/libpng12 -I/usr/include/gdk-pixbuf-2.0 -I/usr/include/libpng12 -I/usr/include/libdrm -I/usr/include/json-glib-1.0 -I/usr/include/dbus-1.0 -I/usr/lib/arm-linux-gnueabihf/dbus-1.0/include -I/usr/include/glib-2.0 -I/usr/lib/arm-linux-gnueabihf/glib-2.0/include -I/usr/include/clutter-1.0 -I/usr/include/cogl '
pkg_cv_MX_IMAGE_CACHE_CFLAGS='-pthread -I/usr/include/gdk-pixbuf-2.0 -I/usr/include/libpng12 -I/usr/include/glib-2.0 -I/usr/lib/arm-linux-gnueabihf/glib-2.0/include '
pkg_cv_MX_IMAGE_CACHE_LIBS='-lgdk_pixbuf-2.0 -lgobject-2.0 -lglib-2.0 '
pkg_cv_MX_LIBS='-lclutter-1.0 -lcogl-path -lcairo-gobject -latk-1.0 -lpangocairo-1.0 -lpango-1.0 -lcogl-pango -lcogl -lcairo -lgmodule-2.0 -pthread -lgdk_pixbuf-2.0 -lwayland-egl -lwayland-client -lEGL -ljson-glib-1.0 -lgio-2.0 -lX11 -lXext -lXdamage -lXfixes -lXcomposite -lXi -lXrandr -ldbus-glib-1 -ldbus-1 -lgobject-2.0 -lglib-2.0 '

## ----------------- ##
## Output variables. ##
## ----------------- ##

ACLOCAL='${SHELL} /home/opibak/-/bld/mx-1.4.7/missing aclocal-1.14'
ALL_LINGUAS='ast ca da de en_GB eo es es_MX fi fr hu id it ja ko lo nl pa pl pt_BR ro ru sk sv th tr uk wa zh_CN zh_TW '
AMDEPBACKSLASH='\'
AMDEP_FALSE='#'
AMDEP_TRUE=''
AMTAR='$${TAR-tar}'
AM_BACKSLASH='\'
AM_DEFAULT_V='$(AM_DEFAULT_VERBOSITY)'
AM_DEFAULT_VERBOSITY='0'
AM_V='$(V)'
AR='ar'
AUTOCONF='${SHELL} /home/opibak/-/bld/mx-1.4.7/missing autoconf'
AUTOHEADER='${SHELL} /home/opibak/-/bld/mx-1.4.7/missing autoheader'
AUTOMAKE='${SHELL} /home/opibak/-/bld/mx-1.4.7/missing automake-1.14'
AWK='gawk'
CATALOGS=' ast.gmo ca.gmo da.gmo de.gmo en_GB.gmo eo.gmo es.gmo es_MX.gmo fi.gmo fr.gmo hu.gmo id.gmo it.gmo ja.gmo ko.gmo lo.gmo nl.gmo pa.gmo pl.gmo pt_BR.gmo ro.gmo ru.gmo sk.gmo sv.gmo th.gmo tr.gmo uk.gmo wa.gmo zh_CN.gmo zh_TW.gmo ast.gmo ca.gmo da.gmo de.gmo en_GB.gmo eo.gmo es.gmo es_MX.gmo fi.gmo fr.gmo hu.gmo id.gmo it.gmo ja.gmo ko.gmo lo.gmo nl.gmo pa.gmo pl.gmo pt_BR.gmo ro.gmo ru.gmo sk.gmo sv.gmo th.gmo tr.gmo uk.gmo wa.gmo zh_CN.gmo zh_TW.gmo'
CATOBJEXT='.gmo'
CC='gcc'
CCDEPMODE='depmode=gcc3'
CFLAGS='-g -O2'
CPP='gcc -E'
CPPFLAGS=''
CYGPATH_W='echo'
DATADIRNAME='share'
DEFS='-DHAVE_CONFIG_H'
DEPDIR='.deps'
DLLTOOL='false'
DSYMUTIL=''
DUMPBIN=''
ECHO_C=''
ECHO_N='-n'
ECHO_T=''
EGREP='/bin/grep -E'
ENABLE_GTK_WIDGETS_FALSE='#'
ENABLE_GTK_WIDGETS_TRUE=''
EXEEXT=''
FGREP='/bin/grep -F'
GETTEXT_PACKAGE='mx-1.0'
GLIB_CFLAGS='-I/usr/include/glib-2.0 -I/usr/lib/arm-linux-gnueabihf/glib-2.0/include '
GLIB_COMPILE_RESOURCES='/usr/lib/arm-linux-gnueabihf/glib-2.0/glib-compile-resources'
GLIB_GENMARSHAL='glib-genmarshal'
GLIB_LIBS='-lglib-2.0 '
GLIB_MKENUMS='glib-mkenums'
GMOFILES=' ast.gmo ca.gmo da.gmo de.gmo en_GB.gmo eo.gmo es.gmo es_MX.gmo fi.gmo fr.gmo hu.gmo id.gmo it.gmo ja.gmo ko.gmo lo.gmo nl.gmo pa.gmo pl.gmo pt_BR.gmo ro.gmo ru.gmo sk.gmo sv.gmo th.gmo tr.gmo uk.gmo wa.gmo zh_CN.gmo zh_TW.gmo ast.gmo ca.gmo da.gmo de.gmo en_GB.gmo eo.gmo es.gmo es_MX.gmo fi.gmo fr.gmo hu.gmo id.gmo it.gmo ja.gmo ko.gmo lo.gmo nl.gmo pa.gmo pl.gmo pt_BR.gmo ro.gmo ru.gmo sk.gmo sv.gmo th.gmo tr.gmo uk.gmo wa.gmo zh_CN.gmo zh_TW.gmo'
GMSGFMT='/usr/bin/msgfmt'
GOBJECT_QUERY='gobject-query'
GREP='/bin/grep'
GTK_CFLAGS='-pthread -I/usr/include/gtk-2.0 -I/usr/lib/arm-linux-gnueabihf/gtk-2.0/include -I/usr/include/gio-unix-2.0/ -I/usr/include/cairo -I/usr/include/pango-1.0 -I/usr/include/atk-1.0 -I/usr/include/cairo -I/usr/include/pixman-1 -I/usr/include/libpng12 -I/usr/include/gdk-pixbuf-2.0 -I/usr/include/libpng12 -I/usr/include/pango-1.0 -I/usr/include/harfbuzz -I/usr/include/pango-1.0 -I/usr/include/glib-2.0 -I/usr/lib/arm-linux-gnueabihf/glib-2.0/include -I/usr/include/freetype2  -DGSEAL_ENABLE=1'
GTK_LIBS='-lgtk-x11-2.0 -lgdk-x11-2.0 -lpangocairo-1.0 -latk-1.0 -lcairo -lgdk_pixbuf-2.0 -lgio-2.0 -lpangoft2-1.0 -lpango-1.0 -lgobject-2.0 -lglib-2.0 -lfontconfig -lfreetype '
HAVE_INTROSPECTION_FALSE='#'
HAVE_INTROSPECTION_TRUE=''
HAVE_X11_FALSE='#'
HAVE_X11_TRUE=''
INSTALL_DATA='${INSTALL} -m 644'
INSTALL_PROGRAM='${INSTALL}'
INSTALL_SCRIPT='${INSTALL}'
INSTALL_STRIP_PROGRAM='$(install_sh) -c -s'
INSTOBJEXT='.mo'
INTLLIBS=''
INTLTOOL_CAVES_RULE='%.caves:     %.caves.in     $(INTLTOOL_MERGE) $(wildcard $(top_srcdir)/po/*.po) ; $(INTLTOOL_V_MERGE)LC_ALL=C $(INTLTOOL_MERGE) $(INTLTOOL_V_MERGE_OPTIONS) -d -u -c $(top_builddir)/po/.intltool-merge-cache $(top_srcdir)/po $< $@'
INTLTOOL_DESKTOP_RULE='%.desktop:   %.desktop.in   $(INTLTOOL_MERGE) $(wildcard $(top_srcdir)/po/*.po) ; $(INTLTOOL_V_MERGE)LC_ALL=C $(INTLTOOL_MERGE) $(INTLTOOL_V_MERGE_OPTIONS) -d -u -c $(top_builddir)/po/.intltool-merge-cache $(top_srcdir)/po $< $@'
INTLTOOL_DIRECTORY_RULE='%.directory: %.directory.in $(INTLTOOL_MERGE) $(wildcard $(top_srcdir)/po/*.po) ; $(INTLTOOL_V_MERGE)LC_ALL=C $(INTLTOOL_MERGE) $(INTLTOOL_V_MERGE_OPTIONS) -d -u -c $(top_builddir)/po/.intltool-merge-cache $(top_srcdir)/po $< $@'
INTLTOOL_EXTRACT='/usr/bin/intltool-extract'
INTLTOOL_KBD_RULE='%.kbd:       %.kbd.in       $(INTLTOOL_MERGE) $(wildcard $(top_srcdir)/po/*.po) ; $(INTLTOOL_V_MERGE)LC_ALL=C $(INTLTOOL_MERGE) $(INTLTOOL_V_MERGE_OPTIONS) -x -u -m -c $(top_builddir)/po/.intltool-merge-cache $(top_srcdir)/po $< $@'
INTLTOOL_KEYS_RULE='%.keys:      %.keys.in      $(INTLTOOL_MERGE) $(wildcard $(top_srcdir)/po/*.po) ; $(INTLTOOL_V_MERGE)LC_ALL=C $(INTLTOOL_MERGE) $(INTLTOOL_V_MERGE_OPTIONS) -k -u -c $(top_builddir)/po/.intltool-merge-cache $(top_srcdir)/po $< $@'
INTLTOOL_MERGE='/usr/bin/intltool-merge'
INTLTOOL_OAF_RULE='%.oaf:       %.oaf.in       $(INTLTOOL_MERGE) $(wildcard $(top_srcdir)/po/*.po) ; $(INTLTOOL_V_MERGE)LC_ALL=C $(INTLTOOL_MERGE) $(INTLTOOL_V_MERGE_OPTIONS) -o -p $(top_srcdir)/po $< $@'
INTLTOOL_PERL='/usr/bin/perl'
INTLTOOL_POLICY_RULE='%.policy:    %.policy.in    $(INTLTOOL_MERGE) $(wildcard $(top_srcdir)/po/*.po) ; $(INTLTOOL_V_MERGE)LC_ALL=C $(INTLTOOL_MERGE) $(INTLTOOL_V_MERGE_OPTIONS) -x -u -c $(top_builddir)/po/.intltool-merge-cache $(top_srcdir)/po $< $@'
INTLTOOL_PONG_RULE='%.pong:      %.pong.in      $(INTLTOOL_MERGE) $(wildcard $(top_srcdir)/po/*.po) ; $(INTLTOOL_V_MERGE)LC_ALL=C $(INTLTOOL_MERGE) $(INTLTOOL_V_MERGE_OPTIONS) -x -u -c $(top_builddir)/po/.intltool-merge-cache $(top_srcdir)/po $< $@'
INTLTOOL_PROP_RULE='%.prop:      %.prop.in      $(INTLTOOL_MERGE) $(wildcard $(top_srcdir)/po/*.po) ; $(INTLTOOL_V_MERGE)LC_ALL=C $(INTLTOOL_MERGE) $(INTLTOOL_V_MERGE_OPTIONS) -d -u -c $(top_builddir)/po/.intltool-merge-cache $(top_srcdir)/po $< $@'
INTLTOOL_SCHEMAS_RULE='%.schemas:   %.schemas.in   $(INTLTOOL_MERGE) $(wildcard $(top_srcdir)/po/*.po) ; $(INTLTOOL_V_MERGE)LC_ALL=C $(INTLTOOL_MERGE) $(INTLTOOL_V_MERGE_OPTIONS) -s -u -c $(top_builddir)/po/.intltool-merge-cache $(top_srcdir)/po $< $@'
INTLTOOL_SERVER_RULE='%.server:    %.server.in    $(INTLTOOL_MERGE) $(wildcard $(top_srcdir)/po/*.po) ; $(INTLTOOL_V_MERGE)LC_ALL=C $(INTLTOOL_MERGE) $(INTLTOOL_V_MERGE_OPTIONS) -o -u -c $(top_builddir)/po/.intltool-merge-cache $(top_srcdir)/po $< $@'
INTLTOOL_SERVICE_RULE='%.service: %.service.in   $(INTLTOOL_MERGE) $(wildcard $(top_srcdir)/po/*.po) ; $(INTLTOOL_V_MERGE)LC_ALL=C $(INTLTOOL_MERGE) $(INTLTOOL_V_MERGE_OPTIONS) -d -u -c $(top_builddir)/po/.intltool-merge-cache $(top_srcdir)/po $< $@'
INTLTOOL_SHEET_RULE='%.sheet:     %.sheet.in     $(INTLTOOL_MERGE) $(wildcard $(top_srcdir)/po/*.po) ; $(INTLTOOL_V_MERGE)LC_ALL=C $(INTLTOOL_MERGE) $(INTLTOOL_V_MERGE_OPTIONS) -x -u -c $(top_builddir)/po/.intltool-merge-cache $(top_srcdir)/po $< $@'
INTLTOOL_SOUNDLIST_RULE='%.soundlist: %.soundlist.in $(INTLTOOL_MERGE) $(wildcard $(top_srcdir)/po/*.po) ; $(INTLTOOL_V_MERGE)LC_ALL=C $(INTLTOOL_MERGE) $(INTLTOOL_V_MERGE_OPTIONS) -d -u -c $(top_builddir)/po/.intltool-merge-cache $(top_srcdir)/po $< $@'
INTLTOOL_THEME_RULE='%.theme:     %.theme.in     $(INTLTOOL_MERGE) $(wildcard $(top_srcdir)/po/*.po) ; $(INTLTOOL_V_MERGE)LC_ALL=C $(INTLTOOL_MERGE) $(INTLTOOL_V_MERGE_OPTIONS) -d -u -c $(top_builddir)/po/.intltool-merge-cache $(top_srcdir)/po $< $@'
INTLTOOL_UI_RULE='%.ui:        %.ui.in        $(INTLTOOL_MERGE) $(wildcard $(top_srcdir)/po/*.po) ; $(INTLTOOL_V_MERGE)LC_ALL=C $(INTLTOOL_MERGE) $(INTLTOOL_V_MERGE_OPTIONS) -x -u -c $(top_builddir)/po/.intltool-merge-cache $(top_srcdir)/po $< $@'
INTLTOOL_UPDATE='/usr/bin/intltool-update'
INTLTOOL_V_MERGE='$(INTLTOOL__v_MERGE_$(V))'
INTLTOOL_V_MERGE_OPTIONS='$(intltool__v_merge_options_$(V))'
INTLTOOL_XAM_RULE='%.xam:       %.xml.in       $(INTLTOOL_MERGE) $(wildcard $(top_srcdir)/po/*.po) ; $(INTLTOOL_V_MERGE)LC_ALL=C $(INTLTOOL_MERGE) $(INTLTOOL_V_MERGE_OPTIONS) -x -u -c $(top_builddir)/po/.intltool-merge-cache $(top_srcdir)/po $< $@'
INTLTOOL_XML_NOMERGE_RULE='%.xml:       %.xml.in       $(INTLTOOL_MERGE) ; $(INTLTOOL_V_MERGE)LC_ALL=C $(INTLTOOL_MERGE) $(INTLTOOL_V_MERGE_OPTIONS) -x -u --no-translations $< $@'
INTLTOOL_XML_RULE='%.xml:       %.xml.in       $(INTLTOOL_MERGE) $(wildcard $(top_srcdir)/po/*.po) ; $(INTLTOOL_V_MERGE)LC_ALL=C $(INTLTOOL_MERGE) $(INTLTOOL_V_MERGE_OPTIONS) -x -u -c $(top_builddir)/po/.intltool-merge-cache $(top_srcdir)/po $< $@'
INTLTOOL__v_MERGE_0='@echo "  ITMRG " $@;'
INTLTOOL__v_MERGE_='$(INTLTOOL__v_MERGE_$(AM_DEFAULT_VERBOSITY))'
INTROSPECTION_CFLAGS='-pthread -I/usr/include/gobject-introspection-1.0 -I/usr/include/glib-2.0 -I/usr/lib/arm-linux-gnueabihf/glib-2.0/include '
INTROSPECTION_COMPILER='/usr/bin/g-ir-compiler'
INTROSPECTION_GENERATE='/usr/bin/g-ir-generate'
INTROSPECTION_GIRDIR='/usr/share/gir-1.0'
INTROSPECTION_LIBS='-lgirepository-1.0 -lgobject-2.0 -lglib-2.0 '
INTROSPECTION_MAKEFILE='/usr/share/gobject-introspection-1.0/Makefile.introspection'
INTROSPECTION_SCANNER='/usr/bin/g-ir-scanner'
INTROSPECTION_TYPELIBDIR='/usr/lib/arm-linux-gnueabihf/girepository-1.0'
LD='/usr/bin/ld'
LDFLAGS=''
LIBOBJS=''
LIBS=''
LIBTOOL='$(SHELL) $(top_builddir)/libtool'
LIPO=''
LN_S='cp -pR'
LTLIBOBJS=''
MAKEINFO='${SHELL} /home/opibak/-/bld/mx-1.4.7/missing makeinfo'
MANIFEST_TOOL=':'
MKDIR_P='/bin/mkdir -p'
MKINSTALLDIRS='./mkinstalldirs'
MSGFMT='/usr/bin/msgfmt'
MSGFMT_OPTS='-c'
MSGMERGE='/usr/bin/msgmerge'
MX_API_VERSION='1.0'
MX_API_VERSION_AM='1_0'
MX_CFLAGS='-pthread -I/usr/local/include -I/usr/include/pango-1.0 -I/usr/include/harfbuzz -I/usr/include/cairo -I/usr/include/atk-1.0 -I/usr/include/pango-1.0 -I/usr/include/cairo -I/usr/include/pixman-1 -I/usr/include/freetype2 -I/usr/include/libpng12 -I/usr/include/gdk-pixbuf-2.0 -I/usr/include/libpng12 -I/usr/include/libdrm -I/usr/include/json-glib-1.0 -I/usr/include/dbus-1.0 -I/usr/lib/arm-linux-gnueabihf/dbus-1.0/include -I/usr/include/glib-2.0 -I/usr/lib/arm-linux-gnueabihf/glib-2.0/include -I/usr/include/clutter-1.0 -I/usr/include/cogl '
MX_DEBUG_CFLAGS='-DMX_ENABLE_DEBUG -DG_DISABLE_CAST_CHECKS'
MX_IMAGE_CACHE_CFLAGS='-pthread -I/usr/include/gdk-pixbuf-2.0 -I/usr/include/libpng12 -I/usr/include/glib-2.0 -I/usr/lib/arm-linux-gnueabihf/glib-2.0/include '
MX_IMAGE_CACHE_LIBS='-lgdk_pixbuf-2.0 -lgobject-2.0 -lglib-2.0 '
MX_LIBS='-lclutter-1.0 -lcogl-path -lcairo-gobject -latk-1.0 -lpangocairo-1.0 -lpango-1.0 -lcogl-pango -lcogl -lcairo -lgmodule-2.0 -pthread -lgdk_pixbuf-2.0 -lwayland-egl -lwayland-client -lEGL -ljson-glib-1.0 -lgio-2.0 -lX11 -lXext -lXdamage -lXfixes -lXcomposite -lXi -lXrandr -ldbus-glib-1 -ldbus-1 -lgobject-2.0 -lglib-2.0 '
MX_LT_LDFLAGS='-no-undefined -version-info 407:0:405'
MX_LT_VERSION='407:0:405'
MX_MAINTAINER_CFLAGS='  -Wall'
MX_MAJOR_VERSION='1'
MX_MICRO_VERSION='7'
MX_MINOR_VERSION='4'
MX_VERSION='1.4.7'
MX_WINSYS='x11'
NM='/usr/bin/nm -B'
NMEDIT=''
OBJDUMP='objdump'
OBJEXT='o'
OTOOL64=''
OTOOL=''
PACKAGE='mx'
PACKAGE_BUGREPORT=''
PACKAGE_NAME='mx'
PACKAGE_STRING='mx 1.4.7'
PACKAGE_TARNAME='mx'
PACKAGE_URL=''
PACKAGE_VERSION='1.4.7'
PATH_SEPARATOR=':'
PKG_CONFIG='/usr/bin/pkg-config'
PKG_CONFIG_LIBDIR=''
PKG_CONFIG_PATH=''
POFILES=' ast.po ca.po da.po de.po en_GB.po eo.po es.po es_MX.po fi.po fr.po hu.po id.po it.po ja.po ko.po lo.po nl.po pa.po pl.po pt_BR.po ro.po ru.po sk.po sv.po th.po tr.po uk.po wa.po zh_CN.po zh_TW.po ast.po ca.po da.po de.po en_GB.po eo.po es.po es_MX.po fi.po fr.po hu.po id.po it.po ja.po ko.po lo.po nl.po pa.po pl.po pt_BR.po ro.po ru.po sk.po sv.po th.po tr.po uk.po wa.po zh_CN.po zh_TW.po'
POSUB='po'
PO_IN_DATADIR_FALSE=''
PO_IN_DATADIR_TRUE=''
RANLIB='ranlib'
SED='/bin/sed'
SET_MAKE=''
SHELL='/bin/bash'
STRIP='strip'
USE_NLS='yes'
VERSION='1.4.7'
WITH_GLADE_FALSE=''
WITH_GLADE_TRUE='#'
XGETTEXT='/usr/bin/xgettext'
ac_ct_AR='ar'
ac_ct_CC='gcc'
ac_ct_DUMPBIN=''
am__EXEEXT_FALSE=''
am__EXEEXT_TRUE='#'
am__fastdepCC_FALSE='#'
am__fastdepCC_TRUE=''
am__include='include'
am__isrc=''
am__leading_dot='.'
am__nodep='_no'
am__quote=''
am__tar='$${TAR-tar} chof - "$$tardir"'
am__untar='$${TAR-tar} xf -'
bindir='${exec_prefix}/bin'
build='armv7l-unknown-linux-gnueabihf'
build_alias=''
build_cpu='armv7l'
build_os='linux-gnueabihf'
build_vendor='unknown'
catalogdir=''
datadir='${datarootdir}'
datarootdir='${prefix}/share'
docdir='${datarootdir}/doc/${PACKAGE_TARNAME}'
dvidir='${docdir}'
exec_prefix='${prefix}'
host='armv7l-unknown-linux-gnueabihf'
host_alias=''
host_cpu='armv7l'
host_os='linux-gnueabihf'
host_vendor='unknown'
htmldir='${docdir}'
includedir='${prefix}/include'
infodir='${datarootdir}/info'
install_sh='${SHELL} /home/opibak/-/bld/mx-1.4.7/install-sh'
intltool__v_merge_options_0='-q'
intltool__v_merge_options_='$(intltool__v_merge_options_$(AM_DEFAULT_VERBOSITY))'
libdir='${exec_prefix}/lib'
libexecdir='${exec_prefix}/libexec'
localedir='/usr/share/locale'
localstatedir='${prefix}/var'
mandir='${datarootdir}/man'
mkdir_p='$(MKDIR_P)'
oldincludedir='/usr/include'
pdfdir='${docdir}'
prefix='/usr'
program_transform_name='s,x,x,'
psdir='${docdir}'
sbindir='${exec_prefix}/sbin'
sharedstatedir='${prefix}/com'
sysconfdir='${prefix}/etc'
target_alias=''

## ----------- ##
## confdefs.h. ##
## ----------- ##

/* confdefs.h */
#define PACKAGE_NAME "mx"
#define PACKAGE_TARNAME "mx"
#define PACKAGE_VERSION "1.4.7"
#define PACKAGE_STRING "mx 1.4.7"
#define PACKAGE_BUGREPORT ""
#define PACKAGE_URL ""
#define STDC_HEADERS 1
#define HAVE_SYS_TYPES_H 1
#define HAVE_SYS_STAT_H 1
#define HAVE_STDLIB_H 1
#define HAVE_STRING_H 1
#define HAVE_MEMORY_H 1
#define HAVE_STRINGS_H 1
#define HAVE_INTTYPES_H 1
#define HAVE_STDINT_H 1
#define HAVE_UNISTD_H 1
#define HAVE_DLFCN_H 1
#define LT_OBJDIR ".libs/"
#define HAVE_LOCALTIME_R 1
#define HAVE_X11 1
#define HAVE_DBUS 1
#define GETTEXT_PACKAGE "mx-1.0"
#define HAVE_LOCALE_H 1
#define HAVE_LC_MESSAGES 1
#define HAVE_BIND_TEXTDOMAIN_CODESET 1
#define HAVE_GETTEXT 1
#define HAVE_DCGETTEXT 1
#define ENABLE_NLS 1
#define LOCALEDIR "/usr/share/locale"
#define HAVE_LOCALE_H 1
#define HAVE_LC_MESSAGES 1
#define HAVE_BIND_TEXTDOMAIN_CODESET 1
#define HAVE_GETTEXT 1
#define HAVE_DCGETTEXT 1
#define ENABLE_NLS 1

configure: exit 0
